<?xml version="1.0" encoding="UTF-8"?>
<!-- Generated by org.testng.reporters.JUnitReportReporter -->
<testsuite hostname="LAPTOP-35VQA4UQ" failures="0" tests="1" name="crudOperations.GetOrderById" time="0.051" errors="0" timestamp="2022-11-04T12:30:06 IST" skipped="0">
  <testcase classname="crudOperations.GetOrderById" name="getMethod" time="0.051"/>
  <system-out/>
</testsuite> <!-- crudOperations.GetOrderById -->
