<?xml version="1.0" encoding="UTF-8"?>
<!-- Generated by org.testng.reporters.JUnitReportReporter -->
<testsuite hostname="LAPTOP-35VQA4UQ" failures="0" tests="5" name="runner.TestRunner" time="3.666" errors="0" timestamp="2022-11-04T12:25:28 IST" skipped="0">
  <testcase classname="runner.TestRunner" name="runScenario" time="0.069"/>
  <system-out/>
  <testcase classname="runner.TestRunner" name="runScenario" time="0.543"/>
  <system-out/>
  <testcase classname="runner.TestRunner" name="runScenario" time="2.816"/>
  <system-out/>
  <testcase classname="runner.TestRunner" name="runScenario" time="0.152"/>
  <system-out/>
  <testcase classname="runner.TestRunner" name="runScenario" time="0.086"/>
  <system-out/>
</testsuite> <!-- runner.TestRunner -->
