<?xml version="1.0" encoding="UTF-8"?>
<!-- Generated by org.testng.reporters.JUnitReportReporter -->
<testsuite hostname="LAPTOP-35VQA4UQ" failures="0" tests="1" name="authentication.BarearTokenTest" time="5.274" errors="0" timestamp="2022-11-04T14:26:45 IST" skipped="0">
  <testcase classname="authentication.BarearTokenTest" name="barearTokenTest" time="5.274"/>
  <system-out/>
</testsuite> <!-- authentication.BarearTokenTest -->
