<?xml version="1.0" encoding="UTF-8"?>
<!-- Generated by org.testng.reporters.JUnitReportReporter -->
<testsuite hostname="LAPTOP-35VQA4UQ" failures="0" tests="1" name="crudOperations.DeleteOrder" time="0.092" errors="0" timestamp="2022-11-04T12:30:06 IST" skipped="0">
  <testcase classname="crudOperations.DeleteOrder" name="deleteOrder" time="0.092"/>
  <system-out/>
</testsuite> <!-- crudOperations.DeleteOrder -->
