<?xml version="1.0" encoding="UTF-8"?>
<!-- Generated by org.testng.reporters.JUnitReportReporter -->
<testsuite hostname="LAPTOP-35VQA4UQ" failures="0" tests="1" name="crudOperation.DeleteReqMethod" time="2.480" errors="0" timestamp="2022-11-01T17:59:37 IST" skipped="0">
  <testcase classname="crudOperation.DeleteReqMethod" name="deleteMethod" time="2.480"/>
  <system-out/>
</testsuite> <!-- crudOperation.DeleteReqMethod -->
