<?xml version="1.0" encoding="UTF-8"?>
<!-- Generated by org.testng.reporters.JUnitReportReporter -->
<testsuite hostname="LAPTOP-35VQA4UQ" failures="0" tests="1" name="crudOperation.PostReqMethod" time="3.424" errors="0" timestamp="2022-11-02T15:05:34 IST" skipped="0">
  <testcase classname="crudOperation.PostReqMethod" name="postReqMethod" time="3.424"/>
  <system-out/>
</testsuite> <!-- crudOperation.PostReqMethod -->
