<?xml version="1.0" encoding="UTF-8"?>
<!-- Generated by org.testng.reporters.JUnitReportReporter -->
<testsuite hostname="LAPTOP-35VQA4UQ" failures="0" tests="1" name="crudOperation.GetReqMethod" time="2.677" errors="0" timestamp="2022-11-01T20:19:50 IST" skipped="0">
  <testcase classname="crudOperation.GetReqMethod" name="getMethod" time="2.677"/>
  <system-out/>
</testsuite> <!-- crudOperation.GetReqMethod -->
